[INFO] Starting a mysql pool with 9 connections.
[QUERY] SELECT `crypto`.`Data`.`id` FROM `crypto`.`Data` WHERE 1=1 Params: []
[QUERY] BEGIN Params: []
[QUERY] SELECT `crypto`.`Data`.`id` FROM `crypto`.`Data` WHERE (`crypto`.`Data`.`id` = ? AND 1=1) Params: [26081]
[QUERY] UPDATE `crypto`.`Data` SET `price` = ?, `volume_24h` = ?, `percent_change_1h` = ?, `percent_change_24h` = ?, `percent_change_7d` = ?, `createdAt` = ?, `expiresAt` = ? WHERE (`crypto`.`Data`.`id` IN (?) AND (`crypto`.`Data`.`id` = ? AND 1=1)) Params: ["0.9976489379567768","6435283418.099746","-0.00524606","0.00217804","0.03436777","2025-08-29 05:12:24.859 UTC","2025-08-30 05:12:24.859 UTC",26081,26081]
[QUERY] SELECT `crypto`.`Data`.`id`, `crypto`.`Data`.`price`, `crypto`.`Data`.`volume_24h`, `crypto`.`Data`.`percent_change_1h`, `crypto`.`Data`.`percent_change_24h`, `crypto`.`Data`.`percent_change_7d`, `crypto`.`Data`.`createdAt`, `crypto`.`Data`.`expiresAt` FROM `crypto`.`Data` WHERE `crypto`.`Data`.`id` = ? LIMIT ? OFFSET ? Params: [26081,1,0]
[QUERY] COMMIT Params: []
[QUERY] BEGIN Params: []
[QUERY] SELECT `crypto`.`Data`.`id` FROM `crypto`.`Data` WHERE (`crypto`.`Data`.`id` = ? AND 1=1) Params: [3897]
[QUERY] UPDATE `crypto`.`Data` SET `price` = ?, `volume_24h` = ?, `percent_change_1h` = ?, `percent_change_24h` = ?, `percent_change_7d` = ?, `createdAt` = ?, `expiresAt` = ? WHERE (`crypto`.`Data`.`id` IN (?) AND (`crypto`.`Data`.`id` = ? AND 1=1)) Params: ["167.7704894622311","258923440.81789225","-0.38479501","-1.01114625","-30.73059917","2025-08-29 05:12:25.679 UTC","2025-08-30 05:12:25.679 UTC",3897,3897]
[QUERY] SELECT `crypto`.`Data`.`id`, `crypto`.`Data`.`price`, `crypto`.`Data`.`volume_24h`, `crypto`.`Data`.`percent_change_1h`, `crypto`.`Data`.`percent_change_24h`, `crypto`.`Data`.`percent_change_7d`, `crypto`.`Data`.`createdAt`, `crypto`.`Data`.`expiresAt` FROM `crypto`.`Data` WHERE `crypto`.`Data`.`id` = ? LIMIT ? OFFSET ? Params: [3897,1,0]
[QUERY] COMMIT Params: []
[QUERY] SELECT `crypto`.`Data`.`id` FROM `crypto`.`Data` WHERE 1=1 Params: []
[QUERY] BEGIN Params: []
[QUERY] SELECT `crypto`.`Data`.`id` FROM `crypto`.`Data` WHERE (`crypto`.`Data`.`id` = ? AND 1=1) Params: [26081]
[QUERY] UPDATE `crypto`.`Data` SET `price` = ?, `volume_24h` = ?, `percent_change_1h` = ?, `percent_change_24h` = ?, `percent_change_7d` = ?, `createdAt` = ?, `expiresAt` = ? WHERE (`crypto`.`Data`.`id` IN (?) AND (`crypto`.`Data`.`id` = ? AND 1=1)) Params: ["0.9976489379567768","6435283418.099746","-0.00524606","0.00217804","0.03436777","2025-08-29 05:12:26.325 UTC","2025-08-30 05:12:26.325 UTC",26081,26081]
[QUERY] SELECT `crypto`.`Data`.`id`, `crypto`.`Data`.`price`, `crypto`.`Data`.`volume_24h`, `crypto`.`Data`.`percent_change_1h`, `crypto`.`Data`.`percent_change_24h`, `crypto`.`Data`.`percent_change_7d`, `crypto`.`Data`.`createdAt`, `crypto`.`Data`.`expiresAt` FROM `crypto`.`Data` WHERE `crypto`.`Data`.`id` = ? LIMIT ? OFFSET ? Params: [26081,1,0]
[QUERY] COMMIT Params: []
[QUERY] BEGIN Params: []
[QUERY] SELECT `crypto`.`Data`.`id` FROM `crypto`.`Data` WHERE (`crypto`.`Data`.`id` = ? AND 1=1) Params: [3897]
[QUERY] UPDATE `crypto`.`Data` SET `price` = ?, `volume_24h` = ?, `percent_change_1h` = ?, `percent_change_24h` = ?, `percent_change_7d` = ?, `createdAt` = ?, `expiresAt` = ? WHERE (`crypto`.`Data`.`id` IN (?) AND (`crypto`.`Data`.`id` = ? AND 1=1)) Params: ["167.7704894622311","258923440.81789225","-0.38479501","-1.01114625","-30.73059917","2025-08-29 05:12:26.357 UTC","2025-08-30 05:12:26.357 UTC",3897,3897]
[QUERY] SELECT `crypto`.`Data`.`id`, `crypto`.`Data`.`price`, `crypto`.`Data`.`volume_24h`, `crypto`.`Data`.`percent_change_1h`, `crypto`.`Data`.`percent_change_24h`, `crypto`.`Data`.`percent_change_7d`, `crypto`.`Data`.`createdAt`, `crypto`.`Data`.`expiresAt` FROM `crypto`.`Data` WHERE `crypto`.`Data`.`id` = ? LIMIT ? OFFSET ? Params: [3897,1,0]
[QUERY] COMMIT Params: []
[INFO] Starting a mysql pool with 9 connections.
[QUERY] SELECT `crypto`.`Data`.`id` FROM `crypto`.`Data` WHERE 1=1 Params: []
[QUERY] BEGIN Params: []
[QUERY] SELECT `crypto`.`Data`.`id` FROM `crypto`.`Data` WHERE (`crypto`.`Data`.`id` = ? AND 1=1) Params: [26081]
[QUERY] UPDATE `crypto`.`Data` SET `price` = ?, `volume_24h` = ?, `percent_change_1h` = ?, `percent_change_24h` = ?, `percent_change_7d` = ?, `createdAt` = ?, `expiresAt` = ? WHERE (`crypto`.`Data`.`id` IN (?) AND (`crypto`.`Data`.`id` = ? AND 1=1)) Params: ["0.9976926133760888","6429274112.828735","0.00210109","-0.01117051","0.04408783","2025-08-29 05:14:32.493 UTC","2025-08-30 05:14:32.493 UTC",26081,26081]
[QUERY] SELECT `crypto`.`Data`.`id`, `crypto`.`Data`.`price`, `crypto`.`Data`.`volume_24h`, `crypto`.`Data`.`percent_change_1h`, `crypto`.`Data`.`percent_change_24h`, `crypto`.`Data`.`percent_change_7d`, `crypto`.`Data`.`createdAt`, `crypto`.`Data`.`expiresAt` FROM `crypto`.`Data` WHERE `crypto`.`Data`.`id` = ? LIMIT ? OFFSET ? Params: [26081,1,0]
[QUERY] COMMIT Params: []
[QUERY] BEGIN Params: []
[QUERY] SELECT `crypto`.`Data`.`id` FROM `crypto`.`Data` WHERE (`crypto`.`Data`.`id` = ? AND 1=1) Params: [3897]
[QUERY] UPDATE `crypto`.`Data` SET `price` = ?, `volume_24h` = ?, `percent_change_1h` = ?, `percent_change_24h` = ?, `percent_change_7d` = ?, `createdAt` = ?, `expiresAt` = ? WHERE (`crypto`.`Data`.`id` IN (?) AND (`crypto`.`Data`.`id` = ? AND 1=1)) Params: ["167.74732631764977","258868036.0025646","0.27672154","-1.15279819","-30.73820819","2025-08-29 05:14:32.918 UTC","2025-08-30 05:14:32.918 UTC",3897,3897]
[QUERY] SELECT `crypto`.`Data`.`id`, `crypto`.`Data`.`price`, `crypto`.`Data`.`volume_24h`, `crypto`.`Data`.`percent_change_1h`, `crypto`.`Data`.`percent_change_24h`, `crypto`.`Data`.`percent_change_7d`, `crypto`.`Data`.`createdAt`, `crypto`.`Data`.`expiresAt` FROM `crypto`.`Data` WHERE `crypto`.`Data`.`id` = ? LIMIT ? OFFSET ? Params: [3897,1,0]
[QUERY] COMMIT Params: []
[QUERY] SELECT `crypto`.`Data`.`id` FROM `crypto`.`Data` WHERE 1=1 Params: []
[QUERY] BEGIN Params: []
[QUERY] SELECT `crypto`.`Data`.`id` FROM `crypto`.`Data` WHERE (`crypto`.`Data`.`id` = ? AND 1=1) Params: [3897]
[QUERY] UPDATE `crypto`.`Data` SET `price` = ?, `volume_24h` = ?, `percent_change_1h` = ?, `percent_change_24h` = ?, `percent_change_7d` = ?, `createdAt` = ?, `expiresAt` = ? WHERE (`crypto`.`Data`.`id` IN (?) AND (`crypto`.`Data`.`id` = ? AND 1=1)) Params: ["167.74732631764977","258868036.0025646","0.27672154","-1.15279819","-30.73820819","2025-08-29 05:14:34.375 UTC","2025-08-30 05:14:34.375 UTC",3897,3897]
[QUERY] SELECT `crypto`.`Data`.`id`, `crypto`.`Data`.`price`, `crypto`.`Data`.`volume_24h`, `crypto`.`Data`.`percent_change_1h`, `crypto`.`Data`.`percent_change_24h`, `crypto`.`Data`.`percent_change_7d`, `crypto`.`Data`.`createdAt`, `crypto`.`Data`.`expiresAt` FROM `crypto`.`Data` WHERE `crypto`.`Data`.`id` = ? LIMIT ? OFFSET ? Params: [3897,1,0]
[QUERY] COMMIT Params: []
[QUERY] BEGIN Params: []
[QUERY] SELECT `crypto`.`Data`.`id` FROM `crypto`.`Data` WHERE (`crypto`.`Data`.`id` = ? AND 1=1) Params: [26081]
[QUERY] UPDATE `crypto`.`Data` SET `price` = ?, `volume_24h` = ?, `percent_change_1h` = ?, `percent_change_24h` = ?, `percent_change_7d` = ?, `createdAt` = ?, `expiresAt` = ? WHERE (`crypto`.`Data`.`id` IN (?) AND (`crypto`.`Data`.`id` = ? AND 1=1)) Params: ["0.9976926133760888","6429274112.828735","0.00210109","-0.01117051","0.04408783","2025-08-29 05:14:34.383 UTC","2025-08-30 05:14:34.383 UTC",26081,26081]
[QUERY] SELECT `crypto`.`Data`.`id`, `crypto`.`Data`.`price`, `crypto`.`Data`.`volume_24h`, `crypto`.`Data`.`percent_change_1h`, `crypto`.`Data`.`percent_change_24h`, `crypto`.`Data`.`percent_change_7d`, `crypto`.`Data`.`createdAt`, `crypto`.`Data`.`expiresAt` FROM `crypto`.`Data` WHERE `crypto`.`Data`.`id` = ? LIMIT ? OFFSET ? Params: [26081,1,0]
[QUERY] COMMIT Params: []
[QUERY] SELECT `crypto`.`Data`.`id` FROM `crypto`.`Data` WHERE 1=1 Params: []
[QUERY] BEGIN Params: []
[QUERY] SELECT `crypto`.`Data`.`id` FROM `crypto`.`Data` WHERE (`crypto`.`Data`.`id` = ? AND 1=1) Params: [3897]
[QUERY] UPDATE `crypto`.`Data` SET `price` = ?, `volume_24h` = ?, `percent_change_1h` = ?, `percent_change_24h` = ?, `percent_change_7d` = ?, `createdAt` = ?, `expiresAt` = ? WHERE (`crypto`.`Data`.`id` IN (?) AND (`crypto`.`Data`.`id` = ? AND 1=1)) Params: ["167.74732631764977","258868036.0025646","0.27672154","-1.15279819","-30.73820819","2025-08-29 05:14:36.409 UTC","2025-08-30 05:14:36.409 UTC",3897,3897]
[QUERY] SELECT `crypto`.`Data`.`id`, `crypto`.`Data`.`price`, `crypto`.`Data`.`volume_24h`, `crypto`.`Data`.`percent_change_1h`, `crypto`.`Data`.`percent_change_24h`, `crypto`.`Data`.`percent_change_7d`, `crypto`.`Data`.`createdAt`, `crypto`.`Data`.`expiresAt` FROM `crypto`.`Data` WHERE `crypto`.`Data`.`id` = ? LIMIT ? OFFSET ? Params: [3897,1,0]
[QUERY] COMMIT Params: []
[QUERY] BEGIN Params: []
[QUERY] SELECT `crypto`.`Data`.`id` FROM `crypto`.`Data` WHERE (`crypto`.`Data`.`id` = ? AND 1=1) Params: [26081]
[QUERY] UPDATE `crypto`.`Data` SET `price` = ?, `volume_24h` = ?, `percent_change_1h` = ?, `percent_change_24h` = ?, `percent_change_7d` = ?, `createdAt` = ?, `expiresAt` = ? WHERE (`crypto`.`Data`.`id` IN (?) AND (`crypto`.`Data`.`id` = ? AND 1=1)) Params: ["0.9976926133760888","6429274112.828735","0.00210109","-0.01117051","0.04408783","2025-08-29 05:14:36.871 UTC","2025-08-30 05:14:36.871 UTC",26081,26081]
[QUERY] SELECT `crypto`.`Data`.`id`, `crypto`.`Data`.`price`, `crypto`.`Data`.`volume_24h`, `crypto`.`Data`.`percent_change_1h`, `crypto`.`Data`.`percent_change_24h`, `crypto`.`Data`.`percent_change_7d`, `crypto`.`Data`.`createdAt`, `crypto`.`Data`.`expiresAt` FROM `crypto`.`Data` WHERE `crypto`.`Data`.`id` = ? LIMIT ? OFFSET ? Params: [26081,1,0]
[QUERY] COMMIT Params: []
[QUERY] SELECT `crypto`.`Data`.`id` FROM `crypto`.`Data` WHERE 1=1 Params: []
[QUERY] BEGIN Params: []
[QUERY] SELECT `crypto`.`Data`.`id` FROM `crypto`.`Data` WHERE (`crypto`.`Data`.`id` = ? AND 1=1) Params: [3897]
[QUERY] UPDATE `crypto`.`Data` SET `price` = ?, `volume_24h` = ?, `percent_change_1h` = ?, `percent_change_24h` = ?, `percent_change_7d` = ?, `createdAt` = ?, `expiresAt` = ? WHERE (`crypto`.`Data`.`id` IN (?) AND (`crypto`.`Data`.`id` = ? AND 1=1)) Params: ["167.74732631764977","258868036.0025646","0.27672154","-1.15279819","-30.73820819","2025-08-29 05:14:38.360 UTC","2025-08-30 05:14:38.360 UTC",3897,3897]
[QUERY] SELECT `crypto`.`Data`.`id`, `crypto`.`Data`.`price`, `crypto`.`Data`.`volume_24h`, `crypto`.`Data`.`percent_change_1h`, `crypto`.`Data`.`percent_change_24h`, `crypto`.`Data`.`percent_change_7d`, `crypto`.`Data`.`createdAt`, `crypto`.`Data`.`expiresAt` FROM `crypto`.`Data` WHERE `crypto`.`Data`.`id` = ? LIMIT ? OFFSET ? Params: [3897,1,0]
[QUERY] COMMIT Params: []
[QUERY] BEGIN Params: []
[QUERY] SELECT `crypto`.`Data`.`id` FROM `crypto`.`Data` WHERE (`crypto`.`Data`.`id` = ? AND 1=1) Params: [26081]
[QUERY] UPDATE `crypto`.`Data` SET `price` = ?, `volume_24h` = ?, `percent_change_1h` = ?, `percent_change_24h` = ?, `percent_change_7d` = ?, `createdAt` = ?, `expiresAt` = ? WHERE (`crypto`.`Data`.`id` IN (?) AND (`crypto`.`Data`.`id` = ? AND 1=1)) Params: ["0.9976926133760888","6429274112.828735","0.00210109","-0.01117051","0.04408783","2025-08-29 05:14:38.765 UTC","2025-08-30 05:14:38.765 UTC",26081,26081]
[QUERY] SELECT `crypto`.`Data`.`id`, `crypto`.`Data`.`price`, `crypto`.`Data`.`volume_24h`, `crypto`.`Data`.`percent_change_1h`, `crypto`.`Data`.`percent_change_24h`, `crypto`.`Data`.`percent_change_7d`, `crypto`.`Data`.`createdAt`, `crypto`.`Data`.`expiresAt` FROM `crypto`.`Data` WHERE `crypto`.`Data`.`id` = ? LIMIT ? OFFSET ? Params: [26081,1,0]
[QUERY] COMMIT Params: []
[INFO] Starting a mysql pool with 9 connections.
[QUERY] SELECT `crypto`.`Data`.`id` FROM `crypto`.`Data` WHERE 1=1 Params: []
[QUERY] BEGIN Params: []
[QUERY] SELECT `crypto`.`Data`.`id` FROM `crypto`.`Data` WHERE (`crypto`.`Data`.`id` = ? AND 1=1) Params: [3897]
[QUERY] UPDATE `crypto`.`Data` SET `price` = ?, `volume_24h` = ?, `percent_change_1h` = ?, `percent_change_24h` = ?, `percent_change_7d` = ?, `createdAt` = ?, `expiresAt` = ? WHERE (`crypto`.`Data`.`id` IN (?) AND (`crypto`.`Data`.`id` = ? AND 1=1)) Params: ["167.51729385779927","258891088.92655408","0.03615438","-1.30758639","-30.82593503","2025-08-29 05:17:18.947 UTC","2025-08-30 05:17:18.947 UTC",3897,3897]
[QUERY] SELECT `crypto`.`Data`.`id`, `crypto`.`Data`.`price`, `crypto`.`Data`.`volume_24h`, `crypto`.`Data`.`percent_change_1h`, `crypto`.`Data`.`percent_change_24h`, `crypto`.`Data`.`percent_change_7d`, `crypto`.`Data`.`createdAt`, `crypto`.`Data`.`expiresAt` FROM `crypto`.`Data` WHERE `crypto`.`Data`.`id` = ? LIMIT ? OFFSET ? Params: [3897,1,0]
[QUERY] COMMIT Params: []
[QUERY] BEGIN Params: []
[QUERY] SELECT `crypto`.`Data`.`id` FROM `crypto`.`Data` WHERE (`crypto`.`Data`.`id` = ? AND 1=1) Params: [26081]
[QUERY] UPDATE `crypto`.`Data` SET `price` = ?, `volume_24h` = ?, `percent_change_1h` = ?, `percent_change_24h` = ?, `percent_change_7d` = ?, `createdAt` = ?, `expiresAt` = ? WHERE (`crypto`.`Data`.`id` IN (?) AND (`crypto`.`Data`.`id` = ? AND 1=1)) Params: ["0.9975757387991724","6419115737.51865","-0.00834285","0.00048181","0.02185086","2025-08-29 05:17:19.036 UTC","2025-08-30 05:17:19.036 UTC",26081,26081]
[QUERY] SELECT `crypto`.`Data`.`id`, `crypto`.`Data`.`price`, `crypto`.`Data`.`volume_24h`, `crypto`.`Data`.`percent_change_1h`, `crypto`.`Data`.`percent_change_24h`, `crypto`.`Data`.`percent_change_7d`, `crypto`.`Data`.`createdAt`, `crypto`.`Data`.`expiresAt` FROM `crypto`.`Data` WHERE `crypto`.`Data`.`id` = ? LIMIT ? OFFSET ? Params: [26081,1,0]
[QUERY] COMMIT Params: []
[QUERY] SELECT `crypto`.`Data`.`id` FROM `crypto`.`Data` WHERE 1=1 Params: []
[QUERY] BEGIN Params: []
[QUERY] SELECT `crypto`.`Data`.`id` FROM `crypto`.`Data` WHERE (`crypto`.`Data`.`id` = ? AND 1=1) Params: [3897]
[QUERY] UPDATE `crypto`.`Data` SET `price` = ?, `volume_24h` = ?, `percent_change_1h` = ?, `percent_change_24h` = ?, `percent_change_7d` = ?, `createdAt` = ?, `expiresAt` = ? WHERE (`crypto`.`Data`.`id` IN (?) AND (`crypto`.`Data`.`id` = ? AND 1=1)) Params: ["167.51729385779927","258891088.92655408","0.03615438","-1.30758639","-30.82593503","2025-08-29 05:17:20.325 UTC","2025-08-30 05:17:20.325 UTC",3897,3897]
[QUERY] SELECT `crypto`.`Data`.`id`, `crypto`.`Data`.`price`, `crypto`.`Data`.`volume_24h`, `crypto`.`Data`.`percent_change_1h`, `crypto`.`Data`.`percent_change_24h`, `crypto`.`Data`.`percent_change_7d`, `crypto`.`Data`.`createdAt`, `crypto`.`Data`.`expiresAt` FROM `crypto`.`Data` WHERE `crypto`.`Data`.`id` = ? LIMIT ? OFFSET ? Params: [3897,1,0]
[QUERY] COMMIT Params: []
[QUERY] BEGIN Params: []
[QUERY] SELECT `crypto`.`Data`.`id` FROM `crypto`.`Data` WHERE (`crypto`.`Data`.`id` = ? AND 1=1) Params: [26081]
[QUERY] UPDATE `crypto`.`Data` SET `price` = ?, `volume_24h` = ?, `percent_change_1h` = ?, `percent_change_24h` = ?, `percent_change_7d` = ?, `createdAt` = ?, `expiresAt` = ? WHERE (`crypto`.`Data`.`id` IN (?) AND (`crypto`.`Data`.`id` = ? AND 1=1)) Params: ["0.9975757387991724","6419115737.51865","-0.00834285","0.00048181","0.02185086","2025-08-29 05:17:20.811 UTC","2025-08-30 05:17:20.811 UTC",26081,26081]
[QUERY] SELECT `crypto`.`Data`.`id`, `crypto`.`Data`.`price`, `crypto`.`Data`.`volume_24h`, `crypto`.`Data`.`percent_change_1h`, `crypto`.`Data`.`percent_change_24h`, `crypto`.`Data`.`percent_change_7d`, `crypto`.`Data`.`createdAt`, `crypto`.`Data`.`expiresAt` FROM `crypto`.`Data` WHERE `crypto`.`Data`.`id` = ? LIMIT ? OFFSET ? Params: [26081,1,0]
[QUERY] COMMIT Params: []
[QUERY] SELECT `crypto`.`Data`.`id` FROM `crypto`.`Data` WHERE 1=1 Params: []
[QUERY] BEGIN Params: []
[QUERY] SELECT `crypto`.`Data`.`id` FROM `crypto`.`Data` WHERE (`crypto`.`Data`.`id` = ? AND 1=1) Params: [26081]
[QUERY] UPDATE `crypto`.`Data` SET `price` = ?, `volume_24h` = ?, `percent_change_1h` = ?, `percent_change_24h` = ?, `percent_change_7d` = ?, `createdAt` = ?, `expiresAt` = ? WHERE (`crypto`.`Data`.`id` IN (?) AND (`crypto`.`Data`.`id` = ? AND 1=1)) Params: ["0.9975757387991724","6419115737.51865","-0.00834285","0.00048181","0.02185086","2025-08-29 05:17:22.358 UTC","2025-08-30 05:17:22.358 UTC",26081,26081]
[QUERY] SELECT `crypto`.`Data`.`id`, `crypto`.`Data`.`price`, `crypto`.`Data`.`volume_24h`, `crypto`.`Data`.`percent_change_1h`, `crypto`.`Data`.`percent_change_24h`, `crypto`.`Data`.`percent_change_7d`, `crypto`.`Data`.`createdAt`, `crypto`.`Data`.`expiresAt` FROM `crypto`.`Data` WHERE `crypto`.`Data`.`id` = ? LIMIT ? OFFSET ? Params: [26081,1,0]
[QUERY] COMMIT Params: []
[QUERY] BEGIN Params: []
[QUERY] SELECT `crypto`.`Data`.`id` FROM `crypto`.`Data` WHERE (`crypto`.`Data`.`id` = ? AND 1=1) Params: [3897]
[QUERY] UPDATE `crypto`.`Data` SET `price` = ?, `volume_24h` = ?, `percent_change_1h` = ?, `percent_change_24h` = ?, `percent_change_7d` = ?, `createdAt` = ?, `expiresAt` = ? WHERE (`crypto`.`Data`.`id` IN (?) AND (`crypto`.`Data`.`id` = ? AND 1=1)) Params: ["167.51729385779927","258891088.92655408","0.03615438","-1.30758639","-30.82593503","2025-08-29 05:17:22.367 UTC","2025-08-30 05:17:22.367 UTC",3897,3897]
[QUERY] SELECT `crypto`.`Data`.`id`, `crypto`.`Data`.`price`, `crypto`.`Data`.`volume_24h`, `crypto`.`Data`.`percent_change_1h`, `crypto`.`Data`.`percent_change_24h`, `crypto`.`Data`.`percent_change_7d`, `crypto`.`Data`.`createdAt`, `crypto`.`Data`.`expiresAt` FROM `crypto`.`Data` WHERE `crypto`.`Data`.`id` = ? LIMIT ? OFFSET ? Params: [3897,1,0]
[QUERY] COMMIT Params: []
[QUERY] SELECT `crypto`.`Data`.`id` FROM `crypto`.`Data` WHERE 1=1 Params: []
[QUERY] BEGIN Params: []
[QUERY] SELECT `crypto`.`Data`.`id` FROM `crypto`.`Data` WHERE (`crypto`.`Data`.`id` = ? AND 1=1) Params: [3897]
[QUERY] UPDATE `crypto`.`Data` SET `price` = ?, `volume_24h` = ?, `percent_change_1h` = ?, `percent_change_24h` = ?, `percent_change_7d` = ?, `createdAt` = ?, `expiresAt` = ? WHERE (`crypto`.`Data`.`id` IN (?) AND (`crypto`.`Data`.`id` = ? AND 1=1)) Params: ["167.51729385779927","258891088.92655408","0.03615438","-1.30758639","-30.82593503","2025-08-29 05:17:24.353 UTC","2025-08-30 05:17:24.353 UTC",3897,3897]
[QUERY] SELECT `crypto`.`Data`.`id`, `crypto`.`Data`.`price`, `crypto`.`Data`.`volume_24h`, `crypto`.`Data`.`percent_change_1h`, `crypto`.`Data`.`percent_change_24h`, `crypto`.`Data`.`percent_change_7d`, `crypto`.`Data`.`createdAt`, `crypto`.`Data`.`expiresAt` FROM `crypto`.`Data` WHERE `crypto`.`Data`.`id` = ? LIMIT ? OFFSET ? Params: [3897,1,0]
[QUERY] COMMIT Params: []
[QUERY] BEGIN Params: []
[QUERY] SELECT `crypto`.`Data`.`id` FROM `crypto`.`Data` WHERE (`crypto`.`Data`.`id` = ? AND 1=1) Params: [26081]
[QUERY] UPDATE `crypto`.`Data` SET `price` = ?, `volume_24h` = ?, `percent_change_1h` = ?, `percent_change_24h` = ?, `percent_change_7d` = ?, `createdAt` = ?, `expiresAt` = ? WHERE (`crypto`.`Data`.`id` IN (?) AND (`crypto`.`Data`.`id` = ? AND 1=1)) Params: ["0.9975757387991724","6419115737.51865","-0.00834285","0.00048181","0.02185086","2025-08-29 05:17:24.396 UTC","2025-08-30 05:17:24.396 UTC",26081,26081]
[QUERY] SELECT `crypto`.`Data`.`id`, `crypto`.`Data`.`price`, `crypto`.`Data`.`volume_24h`, `crypto`.`Data`.`percent_change_1h`, `crypto`.`Data`.`percent_change_24h`, `crypto`.`Data`.`percent_change_7d`, `crypto`.`Data`.`createdAt`, `crypto`.`Data`.`expiresAt` FROM `crypto`.`Data` WHERE `crypto`.`Data`.`id` = ? LIMIT ? OFFSET ? Params: [26081,1,0]
[QUERY] COMMIT Params: []
[QUERY] SELECT `crypto`.`Data`.`id` FROM `crypto`.`Data` WHERE 1=1 Params: []
[QUERY] BEGIN Params: []
[QUERY] SELECT `crypto`.`Data`.`id` FROM `crypto`.`Data` WHERE (`crypto`.`Data`.`id` = ? AND 1=1) Params: [3897]
[QUERY] UPDATE `crypto`.`Data` SET `price` = ?, `volume_24h` = ?, `percent_change_1h` = ?, `percent_change_24h` = ?, `percent_change_7d` = ?, `createdAt` = ?, `expiresAt` = ? WHERE (`crypto`.`Data`.`id` IN (?) AND (`crypto`.`Data`.`id` = ? AND 1=1)) Params: ["167.51729385779927","258891088.92655408","0.03615438","-1.30758639","-30.82593503","2025-08-29 05:17:26.360 UTC","2025-08-30 05:17:26.360 UTC",3897,3897]
[QUERY] SELECT `crypto`.`Data`.`id`, `crypto`.`Data`.`price`, `crypto`.`Data`.`volume_24h`, `crypto`.`Data`.`percent_change_1h`, `crypto`.`Data`.`percent_change_24h`, `crypto`.`Data`.`percent_change_7d`, `crypto`.`Data`.`createdAt`, `crypto`.`Data`.`expiresAt` FROM `crypto`.`Data` WHERE `crypto`.`Data`.`id` = ? LIMIT ? OFFSET ? Params: [3897,1,0]
[QUERY] COMMIT Params: []
[QUERY] BEGIN Params: []
[QUERY] SELECT `crypto`.`Data`.`id` FROM `crypto`.`Data` WHERE (`crypto`.`Data`.`id` = ? AND 1=1) Params: [26081]
[QUERY] UPDATE `crypto`.`Data` SET `price` = ?, `volume_24h` = ?, `percent_change_1h` = ?, `percent_change_24h` = ?, `percent_change_7d` = ?, `createdAt` = ?, `expiresAt` = ? WHERE (`crypto`.`Data`.`id` IN (?) AND (`crypto`.`Data`.`id` = ? AND 1=1)) Params: ["0.9975757387991724","6419115737.51865","-0.00834285","0.00048181","0.02185086","2025-08-29 05:17:26.738 UTC","2025-08-30 05:17:26.738 UTC",26081,26081]
[QUERY] SELECT `crypto`.`Data`.`id`, `crypto`.`Data`.`price`, `crypto`.`Data`.`volume_24h`, `crypto`.`Data`.`percent_change_1h`, `crypto`.`Data`.`percent_change_24h`, `crypto`.`Data`.`percent_change_7d`, `crypto`.`Data`.`createdAt`, `crypto`.`Data`.`expiresAt` FROM `crypto`.`Data` WHERE `crypto`.`Data`.`id` = ? LIMIT ? OFFSET ? Params: [26081,1,0]
[QUERY] COMMIT Params: []
[QUERY] SELECT `crypto`.`Data`.`id` FROM `crypto`.`Data` WHERE 1=1 Params: []
[QUERY] BEGIN Params: []
[QUERY] SELECT `crypto`.`Data`.`id` FROM `crypto`.`Data` WHERE (`crypto`.`Data`.`id` = ? AND 1=1) Params: [3897]
[QUERY] UPDATE `crypto`.`Data` SET `price` = ?, `volume_24h` = ?, `percent_change_1h` = ?, `percent_change_24h` = ?, `percent_change_7d` = ?, `createdAt` = ?, `expiresAt` = ? WHERE (`crypto`.`Data`.`id` IN (?) AND (`crypto`.`Data`.`id` = ? AND 1=1)) Params: ["167.51729385779927","258891088.92655408","0.03615438","-1.30758639","-30.82593503","2025-08-29 05:17:28.306 UTC","2025-08-30 05:17:28.306 UTC",3897,3897]
[QUERY] SELECT `crypto`.`Data`.`id`, `crypto`.`Data`.`price`, `crypto`.`Data`.`volume_24h`, `crypto`.`Data`.`percent_change_1h`, `crypto`.`Data`.`percent_change_24h`, `crypto`.`Data`.`percent_change_7d`, `crypto`.`Data`.`createdAt`, `crypto`.`Data`.`expiresAt` FROM `crypto`.`Data` WHERE `crypto`.`Data`.`id` = ? LIMIT ? OFFSET ? Params: [3897,1,0]
[QUERY] COMMIT Params: []
[QUERY] BEGIN Params: []
[QUERY] SELECT `crypto`.`Data`.`id` FROM `crypto`.`Data` WHERE (`crypto`.`Data`.`id` = ? AND 1=1) Params: [26081]
[QUERY] UPDATE `crypto`.`Data` SET `price` = ?, `volume_24h` = ?, `percent_change_1h` = ?, `percent_change_24h` = ?, `percent_change_7d` = ?, `createdAt` = ?, `expiresAt` = ? WHERE (`crypto`.`Data`.`id` IN (?) AND (`crypto`.`Data`.`id` = ? AND 1=1)) Params: ["0.9975757387991724","6419115737.51865","-0.00834285","0.00048181","0.02185086","2025-08-29 05:17:28.798 UTC","2025-08-30 05:17:28.798 UTC",26081,26081]
[QUERY] SELECT `crypto`.`Data`.`id`, `crypto`.`Data`.`price`, `crypto`.`Data`.`volume_24h`, `crypto`.`Data`.`percent_change_1h`, `crypto`.`Data`.`percent_change_24h`, `crypto`.`Data`.`percent_change_7d`, `crypto`.`Data`.`createdAt`, `crypto`.`Data`.`expiresAt` FROM `crypto`.`Data` WHERE `crypto`.`Data`.`id` = ? LIMIT ? OFFSET ? Params: [26081,1,0]
[QUERY] COMMIT Params: []
[QUERY] SELECT `crypto`.`Data`.`id` FROM `crypto`.`Data` WHERE 1=1 Params: []
[QUERY] BEGIN Params: []
[QUERY] SELECT `crypto`.`Data`.`id` FROM `crypto`.`Data` WHERE (`crypto`.`Data`.`id` = ? AND 1=1) Params: [26081]
[QUERY] UPDATE `crypto`.`Data` SET `price` = ?, `volume_24h` = ?, `percent_change_1h` = ?, `percent_change_24h` = ?, `percent_change_7d` = ?, `createdAt` = ?, `expiresAt` = ? WHERE (`crypto`.`Data`.`id` IN (?) AND (`crypto`.`Data`.`id` = ? AND 1=1)) Params: ["0.9975757387991724","6419115737.51865","-0.00834285","0.00048181","0.02185086","2025-08-29 05:17:30.359 UTC","2025-08-30 05:17:30.359 UTC",26081,26081]
[QUERY] SELECT `crypto`.`Data`.`id`, `crypto`.`Data`.`price`, `crypto`.`Data`.`volume_24h`, `crypto`.`Data`.`percent_change_1h`, `crypto`.`Data`.`percent_change_24h`, `crypto`.`Data`.`percent_change_7d`, `crypto`.`Data`.`createdAt`, `crypto`.`Data`.`expiresAt` FROM `crypto`.`Data` WHERE `crypto`.`Data`.`id` = ? LIMIT ? OFFSET ? Params: [26081,1,0]
[QUERY] COMMIT Params: []
[QUERY] BEGIN Params: []
[QUERY] SELECT `crypto`.`Data`.`id` FROM `crypto`.`Data` WHERE (`crypto`.`Data`.`id` = ? AND 1=1) Params: [3897]
[QUERY] UPDATE `crypto`.`Data` SET `price` = ?, `volume_24h` = ?, `percent_change_1h` = ?, `percent_change_24h` = ?, `percent_change_7d` = ?, `createdAt` = ?, `expiresAt` = ? WHERE (`crypto`.`Data`.`id` IN (?) AND (`crypto`.`Data`.`id` = ? AND 1=1)) Params: ["167.51729385779927","258891088.92655408","0.03615438","-1.30758639","-30.82593503","2025-08-29 05:17:30.738 UTC","2025-08-30 05:17:30.738 UTC",3897,3897]
[QUERY] SELECT `crypto`.`Data`.`id`, `crypto`.`Data`.`price`, `crypto`.`Data`.`volume_24h`, `crypto`.`Data`.`percent_change_1h`, `crypto`.`Data`.`percent_change_24h`, `crypto`.`Data`.`percent_change_7d`, `crypto`.`Data`.`createdAt`, `crypto`.`Data`.`expiresAt` FROM `crypto`.`Data` WHERE `crypto`.`Data`.`id` = ? LIMIT ? OFFSET ? Params: [3897,1,0]
[QUERY] COMMIT Params: []
[QUERY] SELECT `crypto`.`Data`.`id` FROM `crypto`.`Data` WHERE 1=1 Params: []
[QUERY] BEGIN Params: []
[QUERY] SELECT `crypto`.`Data`.`id` FROM `crypto`.`Data` WHERE (`crypto`.`Data`.`id` = ? AND 1=1) Params: [3897]
[QUERY] UPDATE `crypto`.`Data` SET `price` = ?, `volume_24h` = ?, `percent_change_1h` = ?, `percent_change_24h` = ?, `percent_change_7d` = ?, `createdAt` = ?, `expiresAt` = ? WHERE (`crypto`.`Data`.`id` IN (?) AND (`crypto`.`Data`.`id` = ? AND 1=1)) Params: ["167.51729385779927","258891088.92655408","0.03615438","-1.30758639","-30.82593503","2025-08-29 05:17:32.353 UTC","2025-08-30 05:17:32.353 UTC",3897,3897]
[QUERY] SELECT `crypto`.`Data`.`id`, `crypto`.`Data`.`price`, `crypto`.`Data`.`volume_24h`, `crypto`.`Data`.`percent_change_1h`, `crypto`.`Data`.`percent_change_24h`, `crypto`.`Data`.`percent_change_7d`, `crypto`.`Data`.`createdAt`, `crypto`.`Data`.`expiresAt` FROM `crypto`.`Data` WHERE `crypto`.`Data`.`id` = ? LIMIT ? OFFSET ? Params: [3897,1,0]
[QUERY] BEGIN Params: []
[QUERY] SELECT `crypto`.`Data`.`id` FROM `crypto`.`Data` WHERE (`crypto`.`Data`.`id` = ? AND 1=1) Params: [26081]
[QUERY] UPDATE `crypto`.`Data` SET `price` = ?, `volume_24h` = ?, `percent_change_1h` = ?, `percent_change_24h` = ?, `percent_change_7d` = ?, `createdAt` = ?, `expiresAt` = ? WHERE (`crypto`.`Data`.`id` IN (?) AND (`crypto`.`Data`.`id` = ? AND 1=1)) Params: ["0.9975757387991724","6419115737.51865","-0.00834285","0.00048181","0.02185086","2025-08-29 05:17:32.356 UTC","2025-08-30 05:17:32.356 UTC",26081,26081]
[QUERY] SELECT `crypto`.`Data`.`id`, `crypto`.`Data`.`price`, `crypto`.`Data`.`volume_24h`, `crypto`.`Data`.`percent_change_1h`, `crypto`.`Data`.`percent_change_24h`, `crypto`.`Data`.`percent_change_7d`, `crypto`.`Data`.`createdAt`, `crypto`.`Data`.`expiresAt` FROM `crypto`.`Data` WHERE `crypto`.`Data`.`id` = ? LIMIT ? OFFSET ? Params: [26081,1,0]
[QUERY] COMMIT Params: []
[QUERY] COMMIT Params: []
[QUERY] SELECT 1 Params: []
[QUERY] SELECT `crypto`.`Data`.`id` FROM `crypto`.`Data` WHERE 1=1 Params: []
[QUERY] BEGIN Params: []
[QUERY] SELECT `crypto`.`Data`.`id` FROM `crypto`.`Data` WHERE (`crypto`.`Data`.`id` = ? AND 1=1) Params: [26081]
[QUERY] UPDATE `crypto`.`Data` SET `price` = ?, `volume_24h` = ?, `percent_change_1h` = ?, `percent_change_24h` = ?, `percent_change_7d` = ?, `createdAt` = ?, `expiresAt` = ? WHERE (`crypto`.`Data`.`id` IN (?) AND (`crypto`.`Data`.`id` = ? AND 1=1)) Params: ["0.9975757387991724","6419115737.51865","-0.00834285","0.00048181","0.02185086","2025-08-29 05:17:34.328 UTC","2025-08-30 05:17:34.328 UTC",26081,26081]
[QUERY] SELECT `crypto`.`Data`.`id`, `crypto`.`Data`.`price`, `crypto`.`Data`.`volume_24h`, `crypto`.`Data`.`percent_change_1h`, `crypto`.`Data`.`percent_change_24h`, `crypto`.`Data`.`percent_change_7d`, `crypto`.`Data`.`createdAt`, `crypto`.`Data`.`expiresAt` FROM `crypto`.`Data` WHERE `crypto`.`Data`.`id` = ? LIMIT ? OFFSET ? Params: [26081,1,0]
[QUERY] COMMIT Params: []
[QUERY] BEGIN Params: []
[QUERY] SELECT `crypto`.`Data`.`id` FROM `crypto`.`Data` WHERE (`crypto`.`Data`.`id` = ? AND 1=1) Params: [3897]
[QUERY] UPDATE `crypto`.`Data` SET `price` = ?, `volume_24h` = ?, `percent_change_1h` = ?, `percent_change_24h` = ?, `percent_change_7d` = ?, `createdAt` = ?, `expiresAt` = ? WHERE (`crypto`.`Data`.`id` IN (?) AND (`crypto`.`Data`.`id` = ? AND 1=1)) Params: ["167.51729385779927","258891088.92655408","0.03615438","-1.30758639","-30.82593503","2025-08-29 05:17:34.769 UTC","2025-08-30 05:17:34.769 UTC",3897,3897]
[QUERY] SELECT `crypto`.`Data`.`id`, `crypto`.`Data`.`price`, `crypto`.`Data`.`volume_24h`, `crypto`.`Data`.`percent_change_1h`, `crypto`.`Data`.`percent_change_24h`, `crypto`.`Data`.`percent_change_7d`, `crypto`.`Data`.`createdAt`, `crypto`.`Data`.`expiresAt` FROM `crypto`.`Data` WHERE `crypto`.`Data`.`id` = ? LIMIT ? OFFSET ? Params: [3897,1,0]
[QUERY] COMMIT Params: []
[INFO] Starting a mysql pool with 9 connections.
[QUERY] SELECT `crypto`.`Data`.`id` FROM `crypto`.`Data` WHERE 1=1 Params: []
[QUERY] BEGIN Params: []
[QUERY] SELECT `crypto`.`Data`.`id` FROM `crypto`.`Data` WHERE (`crypto`.`Data`.`id` = ? AND 1=1) Params: [26081]
[QUERY] UPDATE `crypto`.`Data` SET `price` = ?, `volume_24h` = ?, `percent_change_1h` = ?, `percent_change_24h` = ?, `percent_change_7d` = ?, `createdAt` = ?, `expiresAt` = ? WHERE (`crypto`.`Data`.`id` IN (?) AND (`crypto`.`Data`.`id` = ? AND 1=1)) Params: ["0.9976988167395814","6414196505.85406","-0.00441669","0.00485188","0.04257357","2025-08-29 05:22:28.918 UTC","2025-08-30 05:22:28.918 UTC",26081,26081]
[QUERY] SELECT `crypto`.`Data`.`id`, `crypto`.`Data`.`price`, `crypto`.`Data`.`volume_24h`, `crypto`.`Data`.`percent_change_1h`, `crypto`.`Data`.`percent_change_24h`, `crypto`.`Data`.`percent_change_7d`, `crypto`.`Data`.`createdAt`, `crypto`.`Data`.`expiresAt` FROM `crypto`.`Data` WHERE `crypto`.`Data`.`id` = ? LIMIT ? OFFSET ? Params: [26081,1,0]
[QUERY] COMMIT Params: []
[QUERY] BEGIN Params: []
[QUERY] SELECT `crypto`.`Data`.`id` FROM `crypto`.`Data` WHERE (`crypto`.`Data`.`id` = ? AND 1=1) Params: [3897]
[QUERY] UPDATE `crypto`.`Data` SET `price` = ?, `volume_24h` = ?, `percent_change_1h` = ?, `percent_change_24h` = ?, `percent_change_7d` = ?, `createdAt` = ?, `expiresAt` = ? WHERE (`crypto`.`Data`.`id` IN (?) AND (`crypto`.`Data`.`id` = ? AND 1=1)) Params: ["167.17542518711466","258489019.08793736","-0.33433477","-1.51008756","-31.13021452","2025-08-29 05:22:29.002 UTC","2025-08-30 05:22:29.002 UTC",3897,3897]
[QUERY] SELECT `crypto`.`Data`.`id`, `crypto`.`Data`.`price`, `crypto`.`Data`.`volume_24h`, `crypto`.`Data`.`percent_change_1h`, `crypto`.`Data`.`percent_change_24h`, `crypto`.`Data`.`percent_change_7d`, `crypto`.`Data`.`createdAt`, `crypto`.`Data`.`expiresAt` FROM `crypto`.`Data` WHERE `crypto`.`Data`.`id` = ? LIMIT ? OFFSET ? Params: [3897,1,0]
[QUERY] COMMIT Params: []
[QUERY] SELECT `crypto`.`Data`.`id` FROM `crypto`.`Data` WHERE 1=1 Params: []
[QUERY] BEGIN Params: []
[QUERY] SELECT `crypto`.`Data`.`id` FROM `crypto`.`Data` WHERE (`crypto`.`Data`.`id` = ? AND 1=1) Params: [3897]
[QUERY] UPDATE `crypto`.`Data` SET `price` = ?, `volume_24h` = ?, `percent_change_1h` = ?, `percent_change_24h` = ?, `percent_change_7d` = ?, `createdAt` = ?, `expiresAt` = ? WHERE (`crypto`.`Data`.`id` IN (?) AND (`crypto`.`Data`.`id` = ? AND 1=1)) Params: ["167.17542518711466","258489019.08793736","-0.33433477","-1.51008756","-31.13021452","2025-08-29 05:22:30.328 UTC","2025-08-30 05:22:30.328 UTC",3897,3897]
[QUERY] SELECT `crypto`.`Data`.`id`, `crypto`.`Data`.`price`, `crypto`.`Data`.`volume_24h`, `crypto`.`Data`.`percent_change_1h`, `crypto`.`Data`.`percent_change_24h`, `crypto`.`Data`.`percent_change_7d`, `crypto`.`Data`.`createdAt`, `crypto`.`Data`.`expiresAt` FROM `crypto`.`Data` WHERE `crypto`.`Data`.`id` = ? LIMIT ? OFFSET ? Params: [3897,1,0]
[QUERY] COMMIT Params: []
[QUERY] BEGIN Params: []
[QUERY] SELECT `crypto`.`Data`.`id` FROM `crypto`.`Data` WHERE (`crypto`.`Data`.`id` = ? AND 1=1) Params: [26081]
[QUERY] UPDATE `crypto`.`Data` SET `price` = ?, `volume_24h` = ?, `percent_change_1h` = ?, `percent_change_24h` = ?, `percent_change_7d` = ?, `createdAt` = ?, `expiresAt` = ? WHERE (`crypto`.`Data`.`id` IN (?) AND (`crypto`.`Data`.`id` = ? AND 1=1)) Params: ["0.9976988167395814","6414196505.85406","-0.00441669","0.00485188","0.04257357","2025-08-29 05:22:30.830 UTC","2025-08-30 05:22:30.830 UTC",26081,26081]
[QUERY] SELECT `crypto`.`Data`.`id`, `crypto`.`Data`.`price`, `crypto`.`Data`.`volume_24h`, `crypto`.`Data`.`percent_change_1h`, `crypto`.`Data`.`percent_change_24h`, `crypto`.`Data`.`percent_change_7d`, `crypto`.`Data`.`createdAt`, `crypto`.`Data`.`expiresAt` FROM `crypto`.`Data` WHERE `crypto`.`Data`.`id` = ? LIMIT ? OFFSET ? Params: [26081,1,0]
[QUERY] COMMIT Params: []
[QUERY] SELECT `crypto`.`Data`.`id` FROM `crypto`.`Data` WHERE 1=1 Params: []
[QUERY] BEGIN Params: []
[QUERY] SELECT `crypto`.`Data`.`id` FROM `crypto`.`Data` WHERE (`crypto`.`Data`.`id` = ? AND 1=1) Params: [3897]
[QUERY] UPDATE `crypto`.`Data` SET `price` = ?, `volume_24h` = ?, `percent_change_1h` = ?, `percent_change_24h` = ?, `percent_change_7d` = ?, `createdAt` = ?, `expiresAt` = ? WHERE (`crypto`.`Data`.`id` IN (?) AND (`crypto`.`Data`.`id` = ? AND 1=1)) Params: ["167.17542518711466","258489019.08793736","-0.33433477","-1.51008756","-31.13021452","2025-08-29 05:22:32.355 UTC","2025-08-30 05:22:32.355 UTC",3897,3897]
[QUERY] SELECT `crypto`.`Data`.`id`, `crypto`.`Data`.`price`, `crypto`.`Data`.`volume_24h`, `crypto`.`Data`.`percent_change_1h`, `crypto`.`Data`.`percent_change_24h`, `crypto`.`Data`.`percent_change_7d`, `crypto`.`Data`.`createdAt`, `crypto`.`Data`.`expiresAt` FROM `crypto`.`Data` WHERE `crypto`.`Data`.`id` = ? LIMIT ? OFFSET ? Params: [3897,1,0]
[QUERY] COMMIT Params: []
[QUERY] BEGIN Params: []
[QUERY] SELECT `crypto`.`Data`.`id` FROM `crypto`.`Data` WHERE (`crypto`.`Data`.`id` = ? AND 1=1) Params: [26081]
[QUERY] UPDATE `crypto`.`Data` SET `price` = ?, `volume_24h` = ?, `percent_change_1h` = ?, `percent_change_24h` = ?, `percent_change_7d` = ?, `createdAt` = ?, `expiresAt` = ? WHERE (`crypto`.`Data`.`id` IN (?) AND (`crypto`.`Data`.`id` = ? AND 1=1)) Params: ["0.9976988167395814","6414196505.85406","-0.00441669","0.00485188","0.04257357","2025-08-29 05:22:32.373 UTC","2025-08-30 05:22:32.373 UTC",26081,26081]
[QUERY] SELECT `crypto`.`Data`.`id`, `crypto`.`Data`.`price`, `crypto`.`Data`.`volume_24h`, `crypto`.`Data`.`percent_change_1h`, `crypto`.`Data`.`percent_change_24h`, `crypto`.`Data`.`percent_change_7d`, `crypto`.`Data`.`createdAt`, `crypto`.`Data`.`expiresAt` FROM `crypto`.`Data` WHERE `crypto`.`Data`.`id` = ? LIMIT ? OFFSET ? Params: [26081,1,0]
[QUERY] COMMIT Params: []
[QUERY] SELECT `crypto`.`Data`.`id` FROM `crypto`.`Data` WHERE 1=1 Params: []
[QUERY] BEGIN Params: []
[QUERY] SELECT `crypto`.`Data`.`id` FROM `crypto`.`Data` WHERE (`crypto`.`Data`.`id` = ? AND 1=1) Params: [26081]
[QUERY] UPDATE `crypto`.`Data` SET `price` = ?, `volume_24h` = ?, `percent_change_1h` = ?, `percent_change_24h` = ?, `percent_change_7d` = ?, `createdAt` = ?, `expiresAt` = ? WHERE (`crypto`.`Data`.`id` IN (?) AND (`crypto`.`Data`.`id` = ? AND 1=1)) Params: ["0.9976988167395814","6414196505.85406","-0.00441669","0.00485188","0.04257357","2025-08-29 05:22:34.343 UTC","2025-08-30 05:22:34.343 UTC",26081,26081]
[QUERY] SELECT `crypto`.`Data`.`id`, `crypto`.`Data`.`price`, `crypto`.`Data`.`volume_24h`, `crypto`.`Data`.`percent_change_1h`, `crypto`.`Data`.`percent_change_24h`, `crypto`.`Data`.`percent_change_7d`, `crypto`.`Data`.`createdAt`, `crypto`.`Data`.`expiresAt` FROM `crypto`.`Data` WHERE `crypto`.`Data`.`id` = ? LIMIT ? OFFSET ? Params: [26081,1,0]
[QUERY] BEGIN Params: []
[QUERY] COMMIT Params: []
[QUERY] SELECT `crypto`.`Data`.`id` FROM `crypto`.`Data` WHERE (`crypto`.`Data`.`id` = ? AND 1=1) Params: [3897]
[QUERY] UPDATE `crypto`.`Data` SET `price` = ?, `volume_24h` = ?, `percent_change_1h` = ?, `percent_change_24h` = ?, `percent_change_7d` = ?, `createdAt` = ?, `expiresAt` = ? WHERE (`crypto`.`Data`.`id` IN (?) AND (`crypto`.`Data`.`id` = ? AND 1=1)) Params: ["167.17542518711466","258489019.08793736","-0.33433477","-1.51008756","-31.13021452","2025-08-29 05:22:34.350 UTC","2025-08-30 05:22:34.350 UTC",3897,3897]
[QUERY] SELECT `crypto`.`Data`.`id`, `crypto`.`Data`.`price`, `crypto`.`Data`.`volume_24h`, `crypto`.`Data`.`percent_change_1h`, `crypto`.`Data`.`percent_change_24h`, `crypto`.`Data`.`percent_change_7d`, `crypto`.`Data`.`createdAt`, `crypto`.`Data`.`expiresAt` FROM `crypto`.`Data` WHERE `crypto`.`Data`.`id` = ? LIMIT ? OFFSET ? Params: [3897,1,0]
[QUERY] COMMIT Params: []
[QUERY] SELECT `crypto`.`Data`.`id` FROM `crypto`.`Data` WHERE 1=1 Params: []
[QUERY] BEGIN Params: []
[QUERY] SELECT `crypto`.`Data`.`id` FROM `crypto`.`Data` WHERE (`crypto`.`Data`.`id` = ? AND 1=1) Params: [26081]
[QUERY] UPDATE `crypto`.`Data` SET `price` = ?, `volume_24h` = ?, `percent_change_1h` = ?, `percent_change_24h` = ?, `percent_change_7d` = ?, `createdAt` = ?, `expiresAt` = ? WHERE (`crypto`.`Data`.`id` IN (?) AND (`crypto`.`Data`.`id` = ? AND 1=1)) Params: ["0.9976988167395814","6414196505.85406","-0.00441669","0.00485188","0.04257357","2025-08-29 05:22:36.357 UTC","2025-08-30 05:22:36.357 UTC",26081,26081]
[QUERY] SELECT `crypto`.`Data`.`id`, `crypto`.`Data`.`price`, `crypto`.`Data`.`volume_24h`, `crypto`.`Data`.`percent_change_1h`, `crypto`.`Data`.`percent_change_24h`, `crypto`.`Data`.`percent_change_7d`, `crypto`.`Data`.`createdAt`, `crypto`.`Data`.`expiresAt` FROM `crypto`.`Data` WHERE `crypto`.`Data`.`id` = ? LIMIT ? OFFSET ? Params: [26081,1,0]
[QUERY] COMMIT Params: []
[QUERY] BEGIN Params: []
[QUERY] SELECT `crypto`.`Data`.`id` FROM `crypto`.`Data` WHERE (`crypto`.`Data`.`id` = ? AND 1=1) Params: [3897]
[QUERY] UPDATE `crypto`.`Data` SET `price` = ?, `volume_24h` = ?, `percent_change_1h` = ?, `percent_change_24h` = ?, `percent_change_7d` = ?, `createdAt` = ?, `expiresAt` = ? WHERE (`crypto`.`Data`.`id` IN (?) AND (`crypto`.`Data`.`id` = ? AND 1=1)) Params: ["167.17542518711466","258489019.08793736","-0.33433477","-1.51008756","-31.13021452","2025-08-29 05:22:36.801 UTC","2025-08-30 05:22:36.801 UTC",3897,3897]
[QUERY] SELECT `crypto`.`Data`.`id`, `crypto`.`Data`.`price`, `crypto`.`Data`.`volume_24h`, `crypto`.`Data`.`percent_change_1h`, `crypto`.`Data`.`percent_change_24h`, `crypto`.`Data`.`percent_change_7d`, `crypto`.`Data`.`createdAt`, `crypto`.`Data`.`expiresAt` FROM `crypto`.`Data` WHERE `crypto`.`Data`.`id` = ? LIMIT ? OFFSET ? Params: [3897,1,0]
[QUERY] COMMIT Params: []
[QUERY] SELECT `crypto`.`Data`.`id` FROM `crypto`.`Data` WHERE 1=1 Params: []
[QUERY] BEGIN Params: []
[QUERY] SELECT `crypto`.`Data`.`id` FROM `crypto`.`Data` WHERE (`crypto`.`Data`.`id` = ? AND 1=1) Params: [26081]
[QUERY] UPDATE `crypto`.`Data` SET `price` = ?, `volume_24h` = ?, `percent_change_1h` = ?, `percent_change_24h` = ?, `percent_change_7d` = ?, `createdAt` = ?, `expiresAt` = ? WHERE (`crypto`.`Data`.`id` IN (?) AND (`crypto`.`Data`.`id` = ? AND 1=1)) Params: ["0.9976988167395814","6414196505.85406","-0.00441669","0.00485188","0.04257357","2025-08-29 05:22:38.334 UTC","2025-08-30 05:22:38.334 UTC",26081,26081]
[QUERY] SELECT `crypto`.`Data`.`id`, `crypto`.`Data`.`price`, `crypto`.`Data`.`volume_24h`, `crypto`.`Data`.`percent_change_1h`, `crypto`.`Data`.`percent_change_24h`, `crypto`.`Data`.`percent_change_7d`, `crypto`.`Data`.`createdAt`, `crypto`.`Data`.`expiresAt` FROM `crypto`.`Data` WHERE `crypto`.`Data`.`id` = ? LIMIT ? OFFSET ? Params: [26081,1,0]
[QUERY] COMMIT Params: []
[QUERY] BEGIN Params: []
[QUERY] SELECT `crypto`.`Data`.`id` FROM `crypto`.`Data` WHERE (`crypto`.`Data`.`id` = ? AND 1=1) Params: [3897]
[QUERY] UPDATE `crypto`.`Data` SET `price` = ?, `volume_24h` = ?, `percent_change_1h` = ?, `percent_change_24h` = ?, `percent_change_7d` = ?, `createdAt` = ?, `expiresAt` = ? WHERE (`crypto`.`Data`.`id` IN (?) AND (`crypto`.`Data`.`id` = ? AND 1=1)) Params: ["167.13199844803563","258291095.24805441","-0.59713485","-1.62389602","-31.12951455","2025-08-29 05:22:38.806 UTC","2025-08-30 05:22:38.806 UTC",3897,3897]
[QUERY] SELECT `crypto`.`Data`.`id`, `crypto`.`Data`.`price`, `crypto`.`Data`.`volume_24h`, `crypto`.`Data`.`percent_change_1h`, `crypto`.`Data`.`percent_change_24h`, `crypto`.`Data`.`percent_change_7d`, `crypto`.`Data`.`createdAt`, `crypto`.`Data`.`expiresAt` FROM `crypto`.`Data` WHERE `crypto`.`Data`.`id` = ? LIMIT ? OFFSET ? Params: [3897,1,0]
[QUERY] COMMIT Params: []
[QUERY] SELECT `crypto`.`Data`.`id` FROM `crypto`.`Data` WHERE 1=1 Params: []
